App/frontend/android/app/build/intermediates/manifest_merge_blame_file/release/manifest-merger-blame-release-report.txt
1<?xml version="1.0" encoding="utf-8"?>
2<manifest xmlns:android="http://schemas.android.com/apk/res/android"
3    package="com.examsathi"
4    android:versionCode="1"
5    android:versionName="1.0" >
6
7    <uses-sdk
8        android:minSdkVersion="21"
8-->src/main/AndroidManifest.xml
9        android:targetSdkVersion="31" />
9-->src/main/AndroidManifest.xml
10
11    <uses-permission android:name="android.permission.INTERNET" />
11-->src/main/AndroidManifest.xml:4:5-67
11-->src/main/AndroidManifest.xml:4:22-64
12    <uses-permission android:name="android.permission.VIBRATE" />
12-->src/main/AndroidManifest.xml:5:3-64
12-->src/main/AndroidManifest.xml:5:20-61
13    <uses-permission android:name="android.permission.WRITE_EXTERNAL_STORAGE" />
13-->[:react-native-fs] AndroidManifest.xml:9:5-81
13-->[:react-native-fs] AndroidManifest.xml:9:22-78
14    <uses-permission android:name="android.permission.USE_BIOMETRIC" />
14-->[:react-native-keychain] AndroidManifest.xml:9:5-72
14-->[:react-native-keychain] AndroidManifest.xml:9:22-69
15    <uses-permission android:name="android.permission.USE_FINGERPRINT" />
15-->[:react-native-keychain] AndroidManifest.xml:10:5-74
15-->[:react-native-keychain] AndroidManifest.xml:10:22-71
16    <uses-permission android:name="android.permission.ACCESS_NETWORK_STATE" />
16-->[com.google.firebase:firebase-messaging:23.1.2] AndroidManifest.xml:24:5-79
16-->[com.google.firebase:firebase-messaging:23.1.2] AndroidManifest.xml:24:22-76
17    <uses-permission android:name="android.permission.POST_NOTIFICATIONS" />
17-->[com.google.firebase:firebase-messaging:23.1.2] AndroidManifest.xml:25:5-77
17-->[com.google.firebase:firebase-messaging:23.1.2] AndroidManifest.xml:25:22-74
18    <uses-permission android:name="android.permission.WAKE_LOCK" /> <!-- Required by older versions of Google Play services to create IID tokens -->
18-->[com.google.firebase:firebase-messaging:23.1.2] AndroidManifest.xml:26:5-68
18-->[com.google.firebase:firebase-messaging:23.1.2] AndroidManifest.xml:26:22-65
19    <uses-permission android:name="com.google.android.c2dm.permission.RECEIVE" /> <!-- for android -->
19-->[com.google.firebase:firebase-messaging:23.1.2] AndroidManifest.xml:28:5-82
19-->[com.google.firebase:firebase-messaging:23.1.2] AndroidManifest.xml:28:22-79
20    <!-- <uses-permission android:name="com.android.launcher.permission.READ_SETTINGS"/> -->
21    <!-- <uses-permission android:name="com.android.launcher.permission.WRITE_SETTINGS"/> -->
22    <!-- <uses-permission android:name="com.android.launcher.permission.INSTALL_SHORTCUT" /> -->
23    <!-- <uses-permission android:name="com.android.launcher.permission.UNINSTALL_SHORTCUT" /> -->
24    <!-- for Samsung -->
25    <uses-permission android:name="com.sec.android.provider.badge.permission.READ" />
25-->[me.leolin:ShortcutBadger:1.1.22] AndroidManifest.xml:19:5-86
25-->[me.leolin:ShortcutBadger:1.1.22] AndroidManifest.xml:19:22-83
26    <uses-permission android:name="com.sec.android.provider.badge.permission.WRITE" /> <!-- for htc -->
26-->[me.leolin:ShortcutBadger:1.1.22] AndroidManifest.xml:20:5-87
26-->[me.leolin:ShortcutBadger:1.1.22] AndroidManifest.xml:20:22-84
27    <uses-permission android:name="com.htc.launcher.permission.READ_SETTINGS" />
27-->[me.leolin:ShortcutBadger:1.1.22] AndroidManifest.xml:23:5-81
27-->[me.leolin:ShortcutBadger:1.1.22] AndroidManifest.xml:23:22-78
28    <uses-permission android:name="com.htc.launcher.permission.UPDATE_SHORTCUT" /> <!-- for sony -->
28-->[me.leolin:ShortcutBadger:1.1.22] AndroidManifest.xml:24:5-83
28-->[me.leolin:ShortcutBadger:1.1.22] AndroidManifest.xml:24:22-80
29    <uses-permission android:name="com.sonyericsson.home.permission.BROADCAST_BADGE" />
29-->[me.leolin:ShortcutBadger:1.1.22] AndroidManifest.xml:27:5-88
29-->[me.leolin:ShortcutBadger:1.1.22] AndroidManifest.xml:27:22-85
30    <uses-permission android:name="com.sonymobile.home.permission.PROVIDER_INSERT_BADGE" /> <!-- for apex -->
30-->[me.leolin:ShortcutBadger:1.1.22] AndroidManifest.xml:28:5-92
30-->[me.leolin:ShortcutBadger:1.1.22] AndroidManifest.xml:28:22-89
31    <uses-permission android:name="com.anddoes.launcher.permission.UPDATE_COUNT" /> <!-- for solid -->
31-->[me.leolin:ShortcutBadger:1.1.22] AndroidManifest.xml:31:5-84
31-->[me.leolin:ShortcutBadger:1.1.22] AndroidManifest.xml:31:22-81
32    <uses-permission android:name="com.majeur.launcher.permission.UPDATE_BADGE" /> <!-- for huawei -->
32-->[me.leolin:ShortcutBadger:1.1.22] AndroidManifest.xml:34:5-83
32-->[me.leolin:ShortcutBadger:1.1.22] AndroidManifest.xml:34:22-80
33    <uses-permission android:name="com.huawei.android.launcher.permission.CHANGE_BADGE" />
33-->[me.leolin:ShortcutBadger:1.1.22] AndroidManifest.xml:37:5-91
33-->[me.leolin:ShortcutBadger:1.1.22] AndroidManifest.xml:37:22-88
34    <uses-permission android:name="com.huawei.android.launcher.permission.READ_SETTINGS" />
34-->[me.leolin:ShortcutBadger:1.1.22] AndroidManifest.xml:38:5-92
34-->[me.leolin:ShortcutBadger:1.1.22] AndroidManifest.xml:38:22-89
35    <uses-permission android:name="com.huawei.android.launcher.permission.WRITE_SETTINGS" /> <!-- for ZUK -->
35-->[me.leolin:ShortcutBadger:1.1.22] AndroidManifest.xml:39:5-93
35-->[me.leolin:ShortcutBadger:1.1.22] AndroidManifest.xml:39:22-90
36    <uses-permission android:name="android.permission.READ_APP_BADGE" /> <!-- for OPPO -->
36-->[me.leolin:ShortcutBadger:1.1.22] AndroidManifest.xml:42:5-73
36-->[me.leolin:ShortcutBadger:1.1.22] AndroidManifest.xml:42:22-70
37    <uses-permission android:name="com.oppo.launcher.permission.READ_SETTINGS" />
37-->[me.leolin:ShortcutBadger:1.1.22] AndroidManifest.xml:45:5-82
37-->[me.leolin:ShortcutBadger:1.1.22] AndroidManifest.xml:45:22-79
38    <uses-permission android:name="com.oppo.launcher.permission.WRITE_SETTINGS" /> <!-- for EvMe -->
38-->[me.leolin:ShortcutBadger:1.1.22] AndroidManifest.xml:46:5-83
38-->[me.leolin:ShortcutBadger:1.1.22] AndroidManifest.xml:46:22-80
39    <uses-permission android:name="me.everything.badger.permission.BADGE_COUNT_READ" />
39-->[me.leolin:ShortcutBadger:1.1.22] AndroidManifest.xml:49:5-88
39-->[me.leolin:ShortcutBadger:1.1.22] AndroidManifest.xml:49:22-85
40    <uses-permission android:name="me.everything.badger.permission.BADGE_COUNT_WRITE" />
40-->[me.leolin:ShortcutBadger:1.1.22] AndroidManifest.xml:50:5-89
40-->[me.leolin:ShortcutBadger:1.1.22] AndroidManifest.xml:50:22-86
41
42    <application
42-->src/main/AndroidManifest.xml:6:5-28:19
43        android:name="com.examsathi.MainApplication"
43-->src/main/AndroidManifest.xml:7:7-38
44        android:allowBackup="false"
44-->src/main/AndroidManifest.xml:11:7-34
45        android:appComponentFactory="androidx.core.app.CoreComponentFactory"
45-->[androidx.core:core:1.7.0] AndroidManifest.xml:24:18-86
46        android:icon="@mipmap/ic_launcher"
46-->src/main/AndroidManifest.xml:9:7-41
47        android:label="@string/app_name"
47-->src/main/AndroidManifest.xml:8:7-39
48        android:roundIcon="@mipmap/ic_launcher_round"
48-->src/main/AndroidManifest.xml:10:7-52
49        android:theme="@style/AppTheme"
49-->src/main/AndroidManifest.xml:12:7-38
50        android:usesCleartextTraffic="true" >
50-->src/main/AndroidManifest.xml:13:8-43
51        <activity
51-->src/main/AndroidManifest.xml:14:7-26:18
52            android:name="com.examsathi.MainActivity"
52-->src/main/AndroidManifest.xml:15:9-37
53            android:configChanges="keyboard|keyboardHidden|orientation|screenLayout|screenSize|smallestScreenSize|uiMode"
53-->src/main/AndroidManifest.xml:17:9-118
54            android:exported="true"
54-->src/main/AndroidManifest.xml:20:9-32
55            android:label="@string/app_name"
55-->src/main/AndroidManifest.xml:16:9-41
56            android:launchMode="singleTask"
56-->src/main/AndroidManifest.xml:18:9-40
57            android:windowSoftInputMode="adjustResize" >
57-->src/main/AndroidManifest.xml:19:9-51
58            <intent-filter>
58-->src/main/AndroidManifest.xml:21:9-24:25
59                <action android:name="android.intent.action.MAIN" />
59-->src/main/AndroidManifest.xml:22:13-65
59-->src/main/AndroidManifest.xml:22:21-62
60
61                <category android:name="android.intent.category.LAUNCHER" />
61-->src/main/AndroidManifest.xml:23:13-73
61-->src/main/AndroidManifest.xml:23:23-70
62            </intent-filter>
63        </activity>
64
65        <meta-data
65-->[:react-native-firebase_app] AndroidManifest.xml:11:9-13:36
66            android:name="app_data_collection_default_enabled"
66-->[:react-native-firebase_app] AndroidManifest.xml:12:13-63
67            android:value="true" />
67-->[:react-native-firebase_app] AndroidManifest.xml:13:13-33
68
69        <service
69-->[:react-native-firebase_app] AndroidManifest.xml:15:9-23:19
70            android:name="com.google.firebase.components.ComponentDiscoveryService"
70-->[:react-native-firebase_app] AndroidManifest.xml:16:13-84
71            android:directBootAware="true"
71-->[:react-native-firebase_app] AndroidManifest.xml:17:13-43
72            android:exported="false" >
72-->[:react-native-firebase_app] AndroidManifest.xml:18:13-37
73            <meta-data
73-->[:react-native-firebase_app] AndroidManifest.xml:20:13-22:85
74                android:name="com.google.firebase.components:io.invertase.firebase.app.ReactNativeFirebaseAppRegistrar"
74-->[:react-native-firebase_app] AndroidManifest.xml:21:17-120
75                android:value="com.google.firebase.components.ComponentRegistrar" />
75-->[:react-native-firebase_app] AndroidManifest.xml:22:17-82
76            <meta-data
76-->[com.google.firebase:firebase-messaging:23.1.2] AndroidManifest.xml:55:13-57:85
77                android:name="com.google.firebase.components:com.google.firebase.messaging.FirebaseMessagingRegistrar"
77-->[com.google.firebase:firebase-messaging:23.1.2] AndroidManifest.xml:56:17-119
78                android:value="com.google.firebase.components.ComponentRegistrar" />
78-->[com.google.firebase:firebase-messaging:23.1.2] AndroidManifest.xml:57:17-82
79            <meta-data
79-->[com.google.firebase:firebase-datatransport:18.1.7] AndroidManifest.xml:27:13-29:85
80                android:name="com.google.firebase.components:com.google.firebase.datatransport.TransportRegistrar"
80-->[com.google.firebase:firebase-datatransport:18.1.7] AndroidManifest.xml:28:17-115
81                android:value="com.google.firebase.components.ComponentRegistrar" />
81-->[com.google.firebase:firebase-datatransport:18.1.7] AndroidManifest.xml:29:17-82
82            <meta-data
82-->[com.google.firebase:firebase-installations:17.1.3] AndroidManifest.xml:17:13-19:85
83                android:name="com.google.firebase.components:com.google.firebase.installations.FirebaseInstallationsRegistrar"
83-->[com.google.firebase:firebase-installations:17.1.3] AndroidManifest.xml:18:17-127
84                android:value="com.google.firebase.components.ComponentRegistrar" />
84-->[com.google.firebase:firebase-installations:17.1.3] AndroidManifest.xml:19:17-82
85        </service>
86
87        <provider
87-->[:react-native-firebase_app] AndroidManifest.xml:25:9-29:38
88            android:name="io.invertase.firebase.app.ReactNativeFirebaseAppInitProvider"
88-->[:react-native-firebase_app] AndroidManifest.xml:26:13-88
89            android:authorities="com.examsathi.reactnativefirebaseappinitprovider"
89-->[:react-native-firebase_app] AndroidManifest.xml:27:13-86
90            android:exported="false"
90-->[:react-native-firebase_app] AndroidManifest.xml:28:13-37
91            android:initOrder="99" />
91-->[:react-native-firebase_app] AndroidManifest.xml:29:13-35
92        <provider
92-->[:react-native-image-crop-picker] AndroidManifest.xml:12:9-20:20
93            android:name="androidx.core.content.FileProvider"
93-->[:react-native-image-crop-picker] AndroidManifest.xml:13:13-62
94            android:authorities="com.examsathi.provider"
94-->[:react-native-image-crop-picker] AndroidManifest.xml:14:13-60
95            android:exported="false"
95-->[:react-native-image-crop-picker] AndroidManifest.xml:15:13-37
96            android:grantUriPermissions="true" >
96-->[:react-native-image-crop-picker] AndroidManifest.xml:16:13-47
97            <meta-data
97-->[:react-native-image-crop-picker] AndroidManifest.xml:17:13-19:58
98                android:name="android.support.FILE_PROVIDER_PATHS"
98-->[:react-native-image-crop-picker] AndroidManifest.xml:18:17-67
99                android:resource="@xml/provider_paths" />
99-->[:react-native-image-crop-picker] AndroidManifest.xml:19:17-55
100        </provider>
101
102        <activity
102-->[:react-native-image-crop-picker] AndroidManifest.xml:22:9-24:72
103            android:name="com.yalantis.ucrop.UCropActivity"
103-->[:react-native-image-crop-picker] AndroidManifest.xml:23:13-60
104            android:theme="@style/Theme.AppCompat.Light.NoActionBar" />
104-->[:react-native-image-crop-picker] AndroidManifest.xml:24:13-69
105
106        <receiver
106-->[com.google.firebase:firebase-messaging:23.1.2] AndroidManifest.xml:31:9-38:20
107            android:name="com.google.firebase.iid.FirebaseInstanceIdReceiver"
107-->[com.google.firebase:firebase-messaging:23.1.2] AndroidManifest.xml:32:13-78
108            android:exported="true"
108-->[com.google.firebase:firebase-messaging:23.1.2] AndroidManifest.xml:33:13-36
109            android:permission="com.google.android.c2dm.permission.SEND" >
109-->[com.google.firebase:firebase-messaging:23.1.2] AndroidManifest.xml:34:13-73
110            <intent-filter>
110-->[com.google.firebase:firebase-messaging:23.1.2] AndroidManifest.xml:35:13-37:29
111                <action android:name="com.google.android.c2dm.intent.RECEIVE" />
111-->[com.google.firebase:firebase-messaging:23.1.2] AndroidManifest.xml:36:17-81
111-->[com.google.firebase:firebase-messaging:23.1.2] AndroidManifest.xml:36:25-78
112            </intent-filter>
113        </receiver>
114        <!--
115             FirebaseMessagingService performs security checks at runtime,
116             but set to not exported to explicitly avoid allowing another app to call it.
117        -->
118        <service
118-->[com.google.firebase:firebase-messaging:23.1.2] AndroidManifest.xml:44:9-51:19
119            android:name="com.google.firebase.messaging.FirebaseMessagingService"
119-->[com.google.firebase:firebase-messaging:23.1.2] AndroidManifest.xml:45:13-82
120            android:directBootAware="true"
120-->[com.google.firebase:firebase-messaging:23.1.2] AndroidManifest.xml:46:13-43
121            android:exported="false" >
121-->[com.google.firebase:firebase-messaging:23.1.2] AndroidManifest.xml:47:13-37
122            <intent-filter android:priority="-500" >
122-->[com.google.firebase:firebase-messaging:23.1.2] AndroidManifest.xml:48:13-50:29
122-->[com.google.firebase:firebase-messaging:23.1.2] AndroidManifest.xml:48:28-51
123                <action android:name="com.google.firebase.MESSAGING_EVENT" />
123-->[com.google.firebase:firebase-messaging:23.1.2] AndroidManifest.xml:49:17-78
123-->[com.google.firebase:firebase-messaging:23.1.2] AndroidManifest.xml:49:25-75
124            </intent-filter>
125        </service>
126        <service
126-->[com.google.android.datatransport:transport-backend-cct:3.1.8] AndroidManifest.xml:28:9-34:19
127            android:name="com.google.android.datatransport.runtime.backends.TransportBackendDiscovery"
127-->[com.google.android.datatransport:transport-backend-cct:3.1.8] AndroidManifest.xml:29:13-103
128            android:exported="false" >
128-->[com.google.android.datatransport:transport-backend-cct:3.1.8] AndroidManifest.xml:30:13-37
129            <meta-data
129-->[com.google.android.datatransport:transport-backend-cct:3.1.8] AndroidManifest.xml:31:13-33:39
130                android:name="backend:com.google.android.datatransport.cct.CctBackendFactory"
130-->[com.google.android.datatransport:transport-backend-cct:3.1.8] AndroidManifest.xml:32:17-94
131                android:value="cct" />
131-->[com.google.android.datatransport:transport-backend-cct:3.1.8] AndroidManifest.xml:33:17-36
132        </service>
133        <service
133-->[com.google.android.datatransport:transport-runtime:3.1.8] AndroidManifest.xml:26:9-30:19
134            android:name="com.google.android.datatransport.runtime.scheduling.jobscheduling.JobInfoSchedulerService"
134-->[com.google.android.datatransport:transport-runtime:3.1.8] AndroidManifest.xml:27:13-117
135            android:exported="false"
135-->[com.google.android.datatransport:transport-runtime:3.1.8] AndroidManifest.xml:28:13-37
136            android:permission="android.permission.BIND_JOB_SERVICE" >
136-->[com.google.android.datatransport:transport-runtime:3.1.8] AndroidManifest.xml:29:13-69
137        </service>
138
139        <receiver
139-->[com.google.android.datatransport:transport-runtime:3.1.8] AndroidManifest.xml:32:9-34:40
140            android:name="com.google.android.datatransport.runtime.scheduling.jobscheduling.AlarmManagerSchedulerBroadcastReceiver"
140-->[com.google.android.datatransport:transport-runtime:3.1.8] AndroidManifest.xml:33:13-132
141            android:exported="false" />
141-->[com.google.android.datatransport:transport-runtime:3.1.8] AndroidManifest.xml:34:13-37
142
143        <provider
143-->[com.google.firebase:firebase-common:20.3.2] AndroidManifest.xml:25:9-30:39
144            android:name="com.google.firebase.provider.FirebaseInitProvider"
144-->[com.google.firebase:firebase-common:20.3.2] AndroidManifest.xml:26:13-77
145            android:authorities="com.examsathi.firebaseinitprovider"
145-->[com.google.firebase:firebase-common:20.3.2] AndroidManifest.xml:27:13-72
146            android:directBootAware="true"
146-->[com.google.firebase:firebase-common:20.3.2] AndroidManifest.xml:28:13-43
147            android:exported="false"
147-->[com.google.firebase:firebase-common:20.3.2] AndroidManifest.xml:29:13-37
148            android:initOrder="100" />
148-->[com.google.firebase:firebase-common:20.3.2] AndroidManifest.xml:30:13-36
149
150        <activity
150-->[com.google.android.gms:play-services-auth:20.5.0] AndroidManifest.xml:23:9-27:75
151            android:name="com.google.android.gms.auth.api.signin.internal.SignInHubActivity"
151-->[com.google.android.gms:play-services-auth:20.5.0] AndroidManifest.xml:24:13-93
152            android:excludeFromRecents="true"
152-->[com.google.android.gms:play-services-auth:20.5.0] AndroidManifest.xml:25:13-46
153            android:exported="false"
153-->[com.google.android.gms:play-services-auth:20.5.0] AndroidManifest.xml:26:13-37
154            android:theme="@android:style/Theme.Translucent.NoTitleBar" />
154-->[com.google.android.gms:play-services-auth:20.5.0] AndroidManifest.xml:27:13-72
155        <!--
156            Service handling Google Sign-In user revocation. For apps that do not integrate with
157            Google Sign-In, this service will never be started.
158        -->
159        <service
159-->[com.google.android.gms:play-services-auth:20.5.0] AndroidManifest.xml:33:9-37:51
160            android:name="com.google.android.gms.auth.api.signin.RevocationBoundService"
160-->[com.google.android.gms:play-services-auth:20.5.0] AndroidManifest.xml:34:13-89
161            android:exported="true"
161-->[com.google.android.gms:play-services-auth:20.5.0] AndroidManifest.xml:35:13-36
162            android:permission="com.google.android.gms.auth.api.signin.permission.REVOCATION_NOTIFICATION"
162-->[com.google.android.gms:play-services-auth:20.5.0] AndroidManifest.xml:36:13-107
163            android:visibleToInstantApps="true" />
163-->[com.google.android.gms:play-services-auth:20.5.0] AndroidManifest.xml:37:13-48
164
165        <activity
165-->[com.google.android.gms:play-services-base:18.0.1] AndroidManifest.xml:20:9-22:45
166            android:name="com.google.android.gms.common.api.GoogleApiActivity"
166-->[com.google.android.gms:play-services-base:18.0.1] AndroidManifest.xml:20:19-85
167            android:exported="false"
167-->[com.google.android.gms:play-services-base:18.0.1] AndroidManifest.xml:22:19-43
168            android:theme="@android:style/Theme.Translucent.NoTitleBar" />
168-->[com.google.android.gms:play-services-base:18.0.1] AndroidManifest.xml:21:19-78
169
170        <meta-data
170-->[com.google.android.gms:play-services-basement:18.2.0] AndroidManifest.xml:21:9-23:69
171            android:name="com.google.android.gms.version"
171-->[com.google.android.gms:play-services-basement:18.2.0] AndroidManifest.xml:22:13-58
172            android:value="@integer/google_play_services_version" />
172-->[com.google.android.gms:play-services-basement:18.2.0] AndroidManifest.xml:23:13-66
173
174        <provider
174-->[androidx.emoji2:emoji2:1.0.0] AndroidManifest.xml:26:9-34:20
175            android:name="androidx.startup.InitializationProvider"
175-->[androidx.emoji2:emoji2:1.0.0] AndroidManifest.xml:27:13-67
176            android:authorities="com.examsathi.androidx-startup"
176-->[androidx.emoji2:emoji2:1.0.0] AndroidManifest.xml:28:13-68
177            android:exported="false" >
177-->[androidx.emoji2:emoji2:1.0.0] AndroidManifest.xml:29:13-37
178            <meta-data
178-->[androidx.emoji2:emoji2:1.0.0] AndroidManifest.xml:31:13-33:52
179                android:name="androidx.emoji2.text.EmojiCompatInitializer"
179-->[androidx.emoji2:emoji2:1.0.0] AndroidManifest.xml:32:17-75
180                android:value="androidx.startup" />
180-->[androidx.emoji2:emoji2:1.0.0] AndroidManifest.xml:33:17-49
181            <meta-data
181-->[androidx.lifecycle:lifecycle-process:2.4.0] AndroidManifest.xml:31:13-33:52
182                android:name="androidx.lifecycle.ProcessLifecycleInitializer"
182-->[androidx.lifecycle:lifecycle-process:2.4.0] AndroidManifest.xml:32:17-78
183                android:value="androidx.startup" />
183-->[androidx.lifecycle:lifecycle-process:2.4.0] AndroidManifest.xml:33:17-49
184        </provider>
185    </application>
186
187</manifest>